
> roxynime@0.1.0 build
> prisma generate && next build

Environment variables loaded from .env
Prisma schema loaded from prisma\schema.prisma

✔ Generated Prisma Client (v5.22.0) to .\node_modules\@prisma\client in 85ms

Start by importing your Prisma Client (See: https://pris.ly/d/importing-client)

Tip: Easily identify and fix slow SQL queries in your app. Optimize helps you enhance your visibility: https://pris.ly/--optimize

▲ Next.js 16.1.6 (Turbopack)
- Environments: .env
- Experiments (use with caution):
  · serverActions

  Creating an optimized production build ...
✓ Compiled successfully in 2.8s
  Running TypeScript ...
  Collecting page data using 11 workers ...
  Generating static pages using 11 workers (0/19) ...
  Generating static pages using 11 workers (4/19) 
  Generating static pages using 11 workers (9/19) 
  Generating static pages using 11 workers (14/19) 
[Sitemap] Error fetching dynamic pages: [TypeError: fetch failed] {
  [cause]: AggregateError: 
      at ignore-listed frames {
    code: 'ECONNREFUSED'
  }
}
✓ Generating static pages using 11 workers (19/19) in 387.0ms
  Finalizing page optimization ...

Route (app)                   Revalidate  Expire
┌ ○ /
├ ○ /_not-found
├ ƒ /anime/[slug]
├ ƒ /api/anime
├ ƒ /api/anime/[id]
├ ƒ /api/anime/search
├ ƒ /api/auth/[...nextauth]
├ ƒ /api/auth/register
├ ƒ /api/favorites
├ ƒ /api/favorites/[id]
├ ƒ /api/history
├ ƒ /api/history/[id]
├ ƒ /api/providers
├ ƒ /api/server/[serverId]
├ ƒ /api/streaming/[...slug]
├ ○ /auth/error
├ ○ /auth/signin
├ ○ /auth/signup
├ ○ /browse
├ ○ /movies
├ ○ /ongoing
├ ○ /profile
├ ○ /robots.txt
├ ○ /sitemap.xml                      1h      1y
├ ƒ /watch/[...slug]
└ ƒ /watch/[episodeId]


○  (Static)   prerendered as static content
ƒ  (Dynamic)  server-rendered on demand

